<?xml version="1.0" encoding="UTF-8"?>
<!-- Generated by org.testng.reporters.JUnitXMLReporter -->
<testsuite ignored="1" hostname="DESKTOP-7EP5NVJ" failures="1" tests="1" name="Default test(failed)" time="33.753" errors="0" timestamp="2024-05-03T09:24:07 IST">
  <testcase classname="com.seleniumautomation.testngconcepts.OrangeHRMTest" name="navigateToPIM" time="3.279">
    <failure type="junit.framework.ComparisonFailure" message="expected:&amp;lt;...php/pim/viewEmployee[List]&amp;gt; but was:&amp;lt;...php/pim/viewEmployee[]&amp;gt;">
      <![CDATA[junit.framework.ComparisonFailure: expected:<...php/pim/viewEmployee[List]> but was:<...php/pim/viewEmployee[]>
at junit.framework.Assert.assertEquals(Assert.java:100)
at junit.framework.Assert.assertEquals(Assert.java:107)
at com.seleniumautomation.testngconcepts.OrangeHRMTest.navigateToPIM(OrangeHRMTest.java:89)
at java.base/java.util.ArrayList.forEach(ArrayList.java:1511)
... Removed 27 stack frames]]>
    </failure>
  </testcase> <!-- navigateToPIM -->
  <testcase classname="com.seleniumautomation.testngconcepts.OrangeHRMTest" name="navigateToTime" time="0.0">
    <ignored/>
  </testcase> <!-- navigateToTime -->
</testsuite> <!-- Default test(failed) -->
