<?xml version="1.0" encoding="UTF-8"?>
<!-- Generated by org.testng.reporters.JUnitXMLReporter -->
<testsuite ignored="0" hostname="DESKTOP-7EP5NVJ" failures="0" tests="2" name="Default test" time="44.991" errors="0" timestamp="2024-05-03T09:28:50 IST">
  <testcase classname="com.seleniumautomation.testngconcepts.OrangeHRMTest" name="navigateToTime" time="2.98"/>
  <testcase classname="com.seleniumautomation.testngconcepts.OrangeHRMTest" name="navigateToPIM" time="5.023"/>
</testsuite> <!-- Default test -->
