<?xml version="1.0" encoding="UTF-8"?>
<testng-results ignored="0" total="2" passed="2" failed="0" skipped="0">
  <reporter-output>
  </reporter-output>
  <suite started-at="2024-05-03T09:28:05 IST" name="Default suite" finished-at="2024-05-03T09:28:50 IST" duration-ms="44991">
    <groups>
    </groups>
    <test started-at="2024-05-03T09:28:05 IST" name="Default test" finished-at="2024-05-03T09:28:50 IST" duration-ms="44991">
      <class name="com.seleniumautomation.testngconcepts.OrangeHRMTest">
        <test-method is-config="true" signature="testDataLoad()[pri:0, instance:com.seleniumautomation.testngconcepts.OrangeHRMTest@2aceadd4]" started-at="2024-05-03T09:28:05 IST" name="testDataLoad" finished-at="2024-05-03T09:28:05 IST" duration-ms="41" status="PASS">
          <reporter-output>
          </reporter-output>
        </test-method> <!-- testDataLoad -->
        <test-method is-config="true" signature="setUp()[pri:0, instance:com.seleniumautomation.testngconcepts.OrangeHRMTest@2aceadd4]" started-at="2024-05-03T09:28:05 IST" name="setUp" finished-at="2024-05-03T09:28:20 IST" duration-ms="15081" status="PASS">
          <reporter-output>
          </reporter-output>
        </test-method> <!-- setUp -->
        <test-method is-config="true" signature="launchbrowser()[pri:0, instance:com.seleniumautomation.testngconcepts.OrangeHRMTest@2aceadd4]" started-at="2024-05-03T09:28:20 IST" name="launchbrowser" finished-at="2024-05-03T09:28:24 IST" duration-ms="3899" status="PASS">
          <reporter-output>
          </reporter-output>
        </test-method> <!-- launchbrowser -->
        <test-method is-config="true" signature="loginApp()[pri:0, instance:com.seleniumautomation.testngconcepts.OrangeHRMTest@2aceadd4]" started-at="2024-05-03T09:28:24 IST" name="loginApp" finished-at="2024-05-03T09:28:27 IST" duration-ms="3404" status="PASS">
          <reporter-output>
          </reporter-output>
        </test-method> <!-- loginApp -->
        <test-method signature="navigateToTime()[pri:1, instance:com.seleniumautomation.testngconcepts.OrangeHRMTest@2aceadd4]" started-at="2024-05-03T09:28:27 IST" name="navigateToTime" finished-at="2024-05-03T09:28:30 IST" duration-ms="2980" status="PASS">
          <reporter-output>
          </reporter-output>
        </test-method> <!-- navigateToTime -->
        <test-method is-config="true" signature="logoutApp()[pri:0, instance:com.seleniumautomation.testngconcepts.OrangeHRMTest@2aceadd4]" started-at="2024-05-03T09:28:30 IST" name="logoutApp" finished-at="2024-05-03T09:28:36 IST" duration-ms="5408" status="PASS">
          <reporter-output>
          </reporter-output>
        </test-method> <!-- logoutApp -->
        <test-method is-config="true" signature="loginApp()[pri:0, instance:com.seleniumautomation.testngconcepts.OrangeHRMTest@2aceadd4]" started-at="2024-05-03T09:28:36 IST" name="loginApp" finished-at="2024-05-03T09:28:37 IST" duration-ms="1623" status="PASS">
          <reporter-output>
          </reporter-output>
        </test-method> <!-- loginApp -->
        <test-method signature="navigateToPIM()[pri:2, instance:com.seleniumautomation.testngconcepts.OrangeHRMTest@2aceadd4]" started-at="2024-05-03T09:28:37 IST" name="navigateToPIM" finished-at="2024-05-03T09:28:42 IST" duration-ms="5023" status="PASS">
          <reporter-output>
          </reporter-output>
        </test-method> <!-- navigateToPIM -->
        <test-method is-config="true" signature="logoutApp()[pri:0, instance:com.seleniumautomation.testngconcepts.OrangeHRMTest@2aceadd4]" started-at="2024-05-03T09:28:42 IST" name="logoutApp" finished-at="2024-05-03T09:28:48 IST" duration-ms="5361" status="PASS">
          <reporter-output>
          </reporter-output>
        </test-method> <!-- logoutApp -->
        <test-method is-config="true" signature="tearDown()[pri:0, instance:com.seleniumautomation.testngconcepts.OrangeHRMTest@2aceadd4]" started-at="2024-05-03T09:28:48 IST" name="tearDown" finished-at="2024-05-03T09:28:50 IST" duration-ms="2029" status="PASS">
          <reporter-output>
          </reporter-output>
        </test-method> <!-- tearDown -->
        <test-method is-config="true" signature="reportGenerated()[pri:0, instance:com.seleniumautomation.testngconcepts.OrangeHRMTest@2aceadd4]" started-at="2024-05-03T09:28:50 IST" name="reportGenerated" finished-at="2024-05-03T09:28:50 IST" duration-ms="0" status="PASS">
          <reporter-output>
          </reporter-output>
        </test-method> <!-- reportGenerated -->
      </class> <!-- com.seleniumautomation.testngconcepts.OrangeHRMTest -->
    </test> <!-- Default test -->
  </suite> <!-- Default suite -->
</testng-results>
